<?xml version="1.0" encoding="UTF-8"?>
<testng-results ignored="0" total="1" passed="1" failed="0" skipped="0">
  <reporter-output>
  </reporter-output>
  <suite started-at="2025-09-03T16:43:32 EET" name="Default suite" finished-at="2025-09-03T16:43:34 EET" duration-ms="1472">
    <groups>
    </groups>
    <test started-at="2025-09-03T16:43:32 EET" name="Default test" finished-at="2025-09-03T16:43:34 EET" duration-ms="1472">
      <class name="firstproject.fisrstclass">
        <test-method is-config="true" signature="Mysetup()[pri:0, instance:firstproject.fisrstclass@47f4e407]" started-at="2025-09-03T16:43:32 EET" name="Mysetup" finished-at="2025-09-03T16:43:33 EET" duration-ms="1106" status="PASS">
          <reporter-output>
          </reporter-output>
        </test-method> <!-- Mysetup -->
        <test-method signature="MyFirstTest()[pri:0, instance:firstproject.fisrstclass@47f4e407]" started-at="2025-09-03T16:43:33 EET" name="MyFirstTest" finished-at="2025-09-03T16:43:34 EET" duration-ms="325" status="PASS">
          <reporter-output>
          </reporter-output>
        </test-method> <!-- MyFirstTest -->
      </class> <!-- firstproject.fisrstclass -->
    </test> <!-- Default test -->
  </suite> <!-- Default suite -->
</testng-results>
